<?xml version="1.0" encoding="UTF-8"?>
<testsuite name="com.telran.trololo.BoardCreationTestKirill" tests="1" skipped="0" failures="0" errors="0" timestamp="2019-09-14T17:14:51" hostname="WINDOWS-GUHJOJ3" time="21.632">
  <properties/>
  <testcase name="mainTest" classname="com.telran.trololo.BoardCreationTestKirill" time="21.632"/>
  <system-out><![CDATA[]]></system-out>
  <system-err><![CDATA[]]></system-err>
</testsuite>
