<?xml version="1.0" encoding="UTF-8"?>
<testsuite name="com.telran.trololo.TeamCreationTest" tests="1" skipped="0" failures="0" errors="0" timestamp="2019-09-05T15:05:30" hostname="WINDOWS-GUHJOJ3" time="11.14">
  <properties/>
  <testcase name="testTeamCreation" classname="com.telran.trololo.TeamCreationTest" time="11.14"/>
  <system-out><![CDATA[]]></system-out>
  <system-err><![CDATA[Starting ChromeDriver 76.0.3809.126 (d80a294506b4c9d18015e755cee48f953ddc3f2f-refs/branch-heads/3809@{#1024}) on port 13750
Only local connections are allowed.
Please protect ports used by ChromeDriver and related test frameworks to prevent access by malicious code.
[1567695916.683][WARNING]: Timed out connecting to Chrome, retrying...
Sep 05, 2019 6:05:18 PM org.openqa.selenium.remote.ProtocolHandshake createSession
INFO: Detected dialect: W3C
[1567695920.745][WARNING]: Timed out connecting to Chrome, retrying...
]]></system-err>
</testsuite>
