<?xml version="1.0" encoding="UTF-8"?>
<testsuite name="com.telran.trololo.BoardCreationTestKirill" tests="1" skipped="0" failures="0" errors="0" timestamp="2019-09-10T16:56:39" hostname="WINDOWS-GUHJOJ3" time="16.073">
  <properties/>
  <testcase name="mainTest" classname="com.telran.trololo.BoardCreationTestKirill" time="16.073"/>
  <system-out><![CDATA[]]></system-out>
  <system-err><![CDATA[Starting ChromeDriver 76.0.3809.126 (d80a294506b4c9d18015e755cee48f953ddc3f2f-refs/branch-heads/3809@{#1024}) on port 33578
Only local connections are allowed.
Please protect ports used by ChromeDriver and related test frameworks to prevent access by malicious code.
[1568134584.663][WARNING]: Timed out connecting to Chrome, retrying...
Sep 10, 2019 7:56:26 PM org.openqa.selenium.remote.ProtocolHandshake createSession
INFO: Detected dialect: W3C
[1568134588.881][WARNING]: Timed out connecting to Chrome, retrying...
]]></system-err>
</testsuite>
